nohup: ignoring input
> Task :compileJava UP-TO-DATE
> Task :processResources UP-TO-DATE
> Task :classes UP-TO-DATE
> Task :resolveMainClassName UP-TO-DATE

> Task :bootRun
Standard Commons Logging discovery in action with spring-jcl: please remove commons-logging.jar from classpath in order to avoid potential conflicts

  .   ____          _            __ _ _
 /\\ / ___'_ __ _ _(_)_ __  __ _ \ \ \ \
( ( )\___ | '_ | '_| | '_ \/ _` | \ \ \ \
 \\/  ___)| |_)| | | | | || (_| |  ) ) ) )
  '  |____| .__|_| |_|_| |_\__, | / / / /
 =========|_|==============|___/=/_/_/_/

 :: Spring Boot ::                (v3.5.0)

2026-02-04T11:56:40.502Z  INFO 145587 --- [smartqurylys-backend] [           main] c.s.backend.BackendApplication           : Starting BackendApplication using Java 21.0.9 with PID 145587 (/var/www/smartqurylys/SmartQurylys/backend/build/classes/java/main started by root in /var/www/smartqurylys/SmartQurylys/backend)
2026-02-04T11:56:40.503Z  INFO 145587 --- [smartqurylys-backend] [           main] c.s.backend.BackendApplication           : No active profile set, falling back to 1 default profile: "default"
2026-02-04T11:56:40.957Z  INFO 145587 --- [smartqurylys-backend] [           main] .s.d.r.c.RepositoryConfigurationDelegate : Bootstrapping Spring Data JPA repositories in DEFAULT mode.
2026-02-04T11:56:41.029Z  INFO 145587 --- [smartqurylys-backend] [           main] .s.d.r.c.RepositoryConfigurationDelegate : Finished Spring Data repository scanning in 67 ms. Found 22 JPA repository interfaces.
2026-02-04T11:56:41.411Z  INFO 145587 --- [smartqurylys-backend] [           main] o.s.b.w.embedded.tomcat.TomcatWebServer  : Tomcat initialized with port 8080 (http)
2026-02-04T11:56:41.421Z  INFO 145587 --- [smartqurylys-backend] [           main] o.apache.catalina.core.StandardService   : Starting service [Tomcat]
2026-02-04T11:56:41.421Z  INFO 145587 --- [smartqurylys-backend] [           main] o.apache.catalina.core.StandardEngine    : Starting Servlet engine: [Apache Tomcat/10.1.41]
2026-02-04T11:56:41.449Z  INFO 145587 --- [smartqurylys-backend] [           main] o.a.c.c.C.[Tomcat].[localhost].[/]       : Initializing Spring embedded WebApplicationContext
2026-02-04T11:56:41.449Z  INFO 145587 --- [smartqurylys-backend] [           main] w.s.c.ServletWebServerApplicationContext : Root WebApplicationContext: initialization completed in 920 ms
Standard Commons Logging discovery in action with spring-jcl: please remove commons-logging.jar from classpath in order to avoid potential conflicts
2026-02-04T11:56:41.560Z  INFO 145587 --- [smartqurylys-backend] [           main] o.hibernate.jpa.internal.util.LogHelper  : HHH000204: Processing PersistenceUnitInfo [name: default]
2026-02-04T11:56:41.586Z  INFO 145587 --- [smartqurylys-backend] [           main] org.hibernate.Version                    : HHH000412: Hibernate ORM core version 6.6.15.Final
2026-02-04T11:56:41.606Z  INFO 145587 --- [smartqurylys-backend] [           main] o.h.c.internal.RegionFactoryInitiator    : HHH000026: Second-level cache disabled
2026-02-04T11:56:41.781Z  INFO 145587 --- [smartqurylys-backend] [           main] o.s.o.j.p.SpringPersistenceUnitInfo      : No LoadTimeWeaver setup: ignoring JPA class transformer
2026-02-04T11:56:41.798Z  INFO 145587 --- [smartqurylys-backend] [           main] com.zaxxer.hikari.HikariDataSource       : HikariPool-1 - Starting...
2026-02-04T11:56:41.879Z  INFO 145587 --- [smartqurylys-backend] [           main] com.zaxxer.hikari.pool.HikariPool        : HikariPool-1 - Added connection org.postgresql.jdbc.PgConnection@43d3995f
2026-02-04T11:56:41.880Z  INFO 145587 --- [smartqurylys-backend] [           main] com.zaxxer.hikari.HikariDataSource       : HikariPool-1 - Start completed.
2026-02-04T11:56:41.916Z  INFO 145587 --- [smartqurylys-backend] [           main] org.hibernate.orm.connections.pooling    : HHH10001005: Database info:
	Database JDBC URL [Connecting through datasource 'HikariDataSource (HikariPool-1)']
	Database driver: undefined/unknown
	Database version: 15.8
	Autocommit mode: undefined/unknown
	Isolation level: undefined/unknown
	Minimum pool size: undefined/unknown
	Maximum pool size: undefined/unknown
2026-02-04T11:56:42.759Z  INFO 145587 --- [smartqurylys-backend] [           main] o.h.e.t.j.p.i.JtaPlatformInitiator       : HHH000489: No JTA platform available (set 'hibernate.transaction.jta.platform' to enable JTA platform integration)
2026-02-04T11:56:42.997Z  INFO 145587 --- [smartqurylys-backend] [           main] j.LocalContainerEntityManagerFactoryBean : Initialized JPA EntityManagerFactory for persistence unit 'default'
2026-02-04T11:56:43.358Z  INFO 145587 --- [smartqurylys-backend] [           main] o.s.d.j.r.query.QueryEnhancerFactory     : Hibernate is in classpath; If applicable, HQL parser will be used.
2026-02-04T11:56:44.878Z  WARN 145587 --- [smartqurylys-backend] [           main] JpaBaseConfiguration$JpaWebConfiguration : spring.jpa.open-in-view is enabled by default. Therefore, database queries may be performed during view rendering. Explicitly configure spring.jpa.open-in-view to disable this warning
2026-02-04T11:56:45.066Z  INFO 145587 --- [smartqurylys-backend] [           main] r$InitializeUserDetailsManagerConfigurer : Global AuthenticationManager configured with UserDetailsService bean with name customUserDetailsService
2026-02-04T11:56:45.294Z  INFO 145587 --- [smartqurylys-backend] [           main] o.s.m.s.b.SimpleBrokerMessageHandler     : Starting...
2026-02-04T11:56:45.294Z  INFO 145587 --- [smartqurylys-backend] [           main] o.s.m.s.b.SimpleBrokerMessageHandler     : BrokerAvailabilityEvent[available=true, SimpleBrokerMessageHandler [org.springframework.messaging.simp.broker.DefaultSubscriptionRegistry@16c82dc7]]
2026-02-04T11:56:45.295Z  INFO 145587 --- [smartqurylys-backend] [           main] o.s.m.s.b.SimpleBrokerMessageHandler     : Started.
2026-02-04T11:56:45.321Z  INFO 145587 --- [smartqurylys-backend] [           main] o.s.b.w.embedded.tomcat.TomcatWebServer  : Tomcat started on port 8080 (http) with context path '/'
2026-02-04T11:56:45.327Z  INFO 145587 --- [smartqurylys-backend] [           main] c.s.backend.BackendApplication           : Started BackendApplication in 5.06 seconds (process running for 5.254)
2026-02-04T11:57:45.293Z  INFO 145587 --- [smartqurylys-backend] [MessageBroker-1] o.s.w.s.c.WebSocketMessageBrokerStats    : WebSocketSession[0 current WS(0)-HttpStream(0)-HttpPoll(0), 0 total, 0 closed abnormally (0 connect failure, 0 send limit, 0 transport error)], stompSubProtocol[processed CONNECT(0)-CONNECTED(0)-DISCONNECT(0)], stompBrokerRelay[null], inboundChannel[pool size = 0, active threads = 0, queued tasks = 0, completed tasks = 0], outboundChannel[pool size = 0, active threads = 0, queued tasks = 0, completed tasks = 0], sockJsScheduler[pool size = 1, active threads = 1, queued tasks = 0, completed tasks = 0]
